#! /usr/bin/vvp
:ivl_version "12.0 (stable)";
:ivl_delay_selection "TYPICAL";
:vpi_time_precision - 12;
:vpi_module "/usr/lib/x86_64-linux-gnu/ivl/system.vpi";
:vpi_module "/usr/lib/x86_64-linux-gnu/ivl/vhdl_sys.vpi";
:vpi_module "/usr/lib/x86_64-linux-gnu/ivl/vhdl_textio.vpi";
:vpi_module "/usr/lib/x86_64-linux-gnu/ivl/v2005_math.vpi";
:vpi_module "/usr/lib/x86_64-linux-gnu/ivl/va_math.vpi";
S_0x63daa9a00570 .scope module, "led_panel_4k_TB" "led_panel_4k_TB" 2 4;
 .timescale -9 -12;
P_0x63daa9a0a260 .param/l "PERIOD" 0 2 28, +C4<00000000000000000000000000010100>;
v0x63daa9a79240_0 .net "LATCH", 0 0, v0x63daa9a752b0_0;  1 drivers
v0x63daa9a79300_0 .net "NOE", 0 0, v0x63daa9a75440_0;  1 drivers
v0x63daa9a79410_0 .net "RGB0", 2 0, L_0x63daa9a8b030;  1 drivers
v0x63daa9a794b0_0 .net "RGB1", 2 0, L_0x63daa9a8b120;  1 drivers
v0x63daa9a79550_0 .net "ROW", 4 0, v0x63daa9a74180_0;  1 drivers
v0x63daa9a79690_0 .var "clk", 0 0;
v0x63daa9a79730_0 .var/i "idx", 31 0;
v0x63daa9a797d0_0 .var "init", 0 0;
v0x63daa9a79870_0 .var "rst", 0 0;
S_0x63daa9a00750 .scope begin, "TEST_CASE" "TEST_CASE" 2 48, 2 48 0, S_0x63daa9a00570;
 .timescale -9 -12;
S_0x63daa9a028c0 .scope module, "uut" "led_panel_8" 2 15, 3 1 0, S_0x63daa9a00570;
 .timescale -9 -12;
    .port_info 0 /INPUT 1 "clk";
    .port_info 1 /INPUT 1 "rst";
    .port_info 2 /INPUT 1 "init";
    .port_info 3 /OUTPUT 1 "LP_CLK";
    .port_info 4 /OUTPUT 1 "LATCH";
    .port_info 5 /OUTPUT 1 "NOE";
    .port_info 6 /OUTPUT 5 "ROW";
    .port_info 7 /OUTPUT 3 "RGB0";
    .port_info 8 /OUTPUT 3 "RGB1";
P_0x63daa9a02aa0 .param/l "DELAY" 0 3 32, +C4<00000000000000000000000000010100>;
L_0x63daa9a3d1d0 .functor AND 1, v0x63daa9a77d00_0, v0x63daa9a754e0_0, C4<1>, C4<1>;
v0x63daa9a77480_0 .net "COL", 5 0, v0x63daa9a72590_0;  1 drivers
v0x63daa9a77570_0 .net "LATCH", 0 0, v0x63daa9a752b0_0;  alias, 1 drivers
v0x63daa9a77640_0 .net "LP_CLK", 0 0, L_0x63daa9a3d1d0;  1 drivers
v0x63daa9a77710_0 .net "NOE", 0 0, v0x63daa9a75440_0;  alias, 1 drivers
v0x63daa9a777e0_0 .net "PIX_ADDR", 10 0, L_0x63daa9a79910;  1 drivers
v0x63daa9a778d0_0 .net "PX_CLK_EN", 0 0, v0x63daa9a754e0_0;  1 drivers
v0x63daa9a779a0_0 .net "RGB0", 2 0, L_0x63daa9a8b030;  alias, 1 drivers
v0x63daa9a77a40_0 .net "RGB1", 2 0, L_0x63daa9a8b120;  alias, 1 drivers
v0x63daa9a77ae0_0 .net "ROW", 4 0, v0x63daa9a74180_0;  alias, 1 drivers
v0x63daa9a77c60_0 .net "clk", 0 0, v0x63daa9a79690_0;  1 drivers
v0x63daa9a77d00_0 .var "clk1", 0 0;
v0x63daa9a77da0_0 .var "clk_counter", 4 0;
v0x63daa9a77e80_0 .net "count_delay", 10 0, v0x63daa9a71180_0;  1 drivers
v0x63daa9a77f40_0 .net "delay", 10 0, v0x63daa9a76680_0;  1 drivers
v0x63daa9a78050_0 .net "index", 1 0, v0x63daa9a733d0_0;  1 drivers
v0x63daa9a78160_0 .net "init", 0 0, v0x63daa9a797d0_0;  1 drivers
v0x63daa9a78220_0 .net "mem_data", 23 0, v0x63daa9a76d90_0;  1 drivers
v0x63daa9a78330_0 .net "rst", 0 0, v0x63daa9a79870_0;  1 drivers
v0x63daa9a783d0_0 .net "w_INC_C", 0 0, v0x63daa9a74f50_0;  1 drivers
v0x63daa9a784c0_0 .net "w_INC_D", 0 0, v0x63daa9a75010_0;  1 drivers
v0x63daa9a785b0_0 .net "w_INC_I", 0 0, v0x63daa9a750e0_0;  1 drivers
v0x63daa9a786a0_0 .net "w_INC_R", 0 0, v0x63daa9a751e0_0;  1 drivers
v0x63daa9a78790_0 .net "w_LD", 0 0, v0x63daa9a753a0_0;  1 drivers
v0x63daa9a78880_0 .net "w_RST_C", 0 0, v0x63daa9a75580_0;  1 drivers
v0x63daa9a78970_0 .net "w_RST_D", 0 0, v0x63daa9a75620_0;  1 drivers
v0x63daa9a78a60_0 .net "w_RST_I", 0 0, v0x63daa9a756f0_0;  1 drivers
v0x63daa9a78b50_0 .net "w_RST_R", 0 0, v0x63daa9a757c0_0;  1 drivers
v0x63daa9a78c40_0 .net "w_SHD", 0 0, v0x63daa9a75890_0;  1 drivers
v0x63daa9a78d30_0 .net "w_ZC", 0 0, L_0x63daa9a8a490;  1 drivers
v0x63daa9a78e20_0 .net "w_ZD", 0 0, v0x63daa9a71950_0;  1 drivers
v0x63daa9a78f10_0 .net "w_ZI", 0 0, L_0x63daa9a8ae30;  1 drivers
v0x63daa9a79000_0 .net "w_ZR", 0 0, L_0x63daa9a89f90;  1 drivers
E_0x63daa9a2e8d0 .event posedge, v0x63daa9a77c60_0;
L_0x63daa9a79910 .concat [ 6 5 0 0], v0x63daa9a72590_0, v0x63daa9a74180_0;
L_0x63daa9a8b030 .part v0x63daa9a77260_0, 3, 3;
L_0x63daa9a8b120 .part v0x63daa9a77260_0, 0, 3;
S_0x63daa99c3120 .scope module, "cnt_delay" "count" 3 60, 4 1 0, S_0x63daa9a028c0;
 .timescale -9 -12;
    .port_info 0 /INPUT 1 "clk";
    .port_info 1 /INPUT 1 "reset";
    .port_info 2 /INPUT 1 "inc";
    .port_info 3 /OUTPUT 11 "outc";
    .port_info 4 /OUTPUT 1 "zero";
P_0x63daa99c3300 .param/l "width" 0 4 2, +C4<00000000000000000000000000001010>;
v0x63daa9a54e20_0 .net *"_ivl_0", 31 0, L_0x63daa9a8a580;  1 drivers
L_0x7a80504c0330 .functor BUFT 1, C4<00>, C4<0>, C4<0>, C4<0>;
v0x63daa9a3e5c0_0 .net/2s *"_ivl_10", 1 0, L_0x7a80504c0330;  1 drivers
v0x63daa9a3d2f0_0 .net *"_ivl_12", 1 0, L_0x63daa9a8a7f0;  1 drivers
L_0x7a80504c0258 .functor BUFT 1, C4<000000000000000000000>, C4<0>, C4<0>, C4<0>;
v0x63daa9a4dd30_0 .net *"_ivl_3", 20 0, L_0x7a80504c0258;  1 drivers
L_0x7a80504c02a0 .functor BUFT 1, C4<00000000000000000000000000000000>, C4<0>, C4<0>, C4<0>;
v0x63daa99fa520_0 .net/2u *"_ivl_4", 31 0, L_0x7a80504c02a0;  1 drivers
v0x63daa9a3c7f0_0 .net *"_ivl_6", 0 0, L_0x63daa9a8a700;  1 drivers
L_0x7a80504c02e8 .functor BUFT 1, C4<01>, C4<0>, C4<0>, C4<0>;
v0x63daa9a37a60_0 .net/2s *"_ivl_8", 1 0, L_0x7a80504c02e8;  1 drivers
v0x63daa9a71000_0 .net "clk", 0 0, v0x63daa9a77d00_0;  1 drivers
v0x63daa9a710c0_0 .net "inc", 0 0, v0x63daa9a75010_0;  alias, 1 drivers
v0x63daa9a71180_0 .var "outc", 10 0;
v0x63daa9a71260_0 .net "reset", 0 0, v0x63daa9a75620_0;  alias, 1 drivers
v0x63daa9a71320_0 .net "zero", 0 0, L_0x63daa9a8a980;  1 drivers
E_0x63daa99e7270 .event negedge, v0x63daa9a71000_0;
L_0x63daa9a8a580 .concat [ 11 21 0 0], v0x63daa9a71180_0, L_0x7a80504c0258;
L_0x63daa9a8a700 .cmp/eq 32, L_0x63daa9a8a580, L_0x7a80504c02a0;
L_0x63daa9a8a7f0 .functor MUXZ 2, L_0x7a80504c0330, L_0x7a80504c02e8, L_0x63daa9a8a700, C4<>;
L_0x63daa9a8a980 .part L_0x63daa9a8a7f0, 0, 1;
S_0x63daa9a71480 .scope module, "compa" "comp_4k" 3 63, 5 1 0, S_0x63daa9a028c0;
 .timescale -9 -12;
    .port_info 0 /INPUT 11 "in1";
    .port_info 1 /INPUT 11 "in2";
    .port_info 2 /OUTPUT 1 "out";
P_0x63daa9a71630 .param/l "width" 0 5 2, +C4<00000000000000000000000000001010>;
v0x63daa9a71760_0 .net "in1", 10 0, v0x63daa9a76680_0;  alias, 1 drivers
v0x63daa9a71860_0 .net "in2", 10 0, v0x63daa9a71180_0;  alias, 1 drivers
v0x63daa9a71950_0 .var "out", 0 0;
E_0x63daa9a55920 .event anyedge, v0x63daa9a71760_0, v0x63daa9a71180_0;
S_0x63daa9a71a80 .scope module, "count_col" "count" 3 59, 4 1 0, S_0x63daa9a028c0;
 .timescale -9 -12;
    .port_info 0 /INPUT 1 "clk";
    .port_info 1 /INPUT 1 "reset";
    .port_info 2 /INPUT 1 "inc";
    .port_info 3 /OUTPUT 6 "outc";
    .port_info 4 /OUTPUT 1 "zero";
P_0x63daa9a71c90 .param/l "width" 0 4 2, +C4<00000000000000000000000000000101>;
v0x63daa9a71e10_0 .net *"_ivl_0", 31 0, L_0x63daa9a8a080;  1 drivers
L_0x7a80504c0210 .functor BUFT 1, C4<00>, C4<0>, C4<0>, C4<0>;
v0x63daa9a71ed0_0 .net/2s *"_ivl_10", 1 0, L_0x7a80504c0210;  1 drivers
v0x63daa9a71fb0_0 .net *"_ivl_12", 1 0, L_0x63daa9a8a300;  1 drivers
L_0x7a80504c0138 .functor BUFT 1, C4<00000000000000000000000000>, C4<0>, C4<0>, C4<0>;
v0x63daa9a720a0_0 .net *"_ivl_3", 25 0, L_0x7a80504c0138;  1 drivers
L_0x7a80504c0180 .functor BUFT 1, C4<00000000000000000000000000000000>, C4<0>, C4<0>, C4<0>;
v0x63daa9a72180_0 .net/2u *"_ivl_4", 31 0, L_0x7a80504c0180;  1 drivers
v0x63daa9a722b0_0 .net *"_ivl_6", 0 0, L_0x63daa9a8a1c0;  1 drivers
L_0x7a80504c01c8 .functor BUFT 1, C4<01>, C4<0>, C4<0>, C4<0>;
v0x63daa9a72370_0 .net/2s *"_ivl_8", 1 0, L_0x7a80504c01c8;  1 drivers
v0x63daa9a72450_0 .net "clk", 0 0, v0x63daa9a77d00_0;  alias, 1 drivers
v0x63daa9a724f0_0 .net "inc", 0 0, v0x63daa9a74f50_0;  alias, 1 drivers
v0x63daa9a72590_0 .var "outc", 5 0;
v0x63daa9a72670_0 .net "reset", 0 0, v0x63daa9a75580_0;  alias, 1 drivers
v0x63daa9a72730_0 .net "zero", 0 0, L_0x63daa9a8a490;  alias, 1 drivers
L_0x63daa9a8a080 .concat [ 6 26 0 0], v0x63daa9a72590_0, L_0x7a80504c0138;
L_0x63daa9a8a1c0 .cmp/eq 32, L_0x63daa9a8a080, L_0x7a80504c0180;
L_0x63daa9a8a300 .functor MUXZ 2, L_0x7a80504c0210, L_0x7a80504c01c8, L_0x63daa9a8a1c0, C4<>;
L_0x63daa9a8a490 .part L_0x63daa9a8a300, 0, 1;
S_0x63daa9a728c0 .scope module, "count_index" "count" 3 61, 4 1 0, S_0x63daa9a028c0;
 .timescale -9 -12;
    .port_info 0 /INPUT 1 "clk";
    .port_info 1 /INPUT 1 "reset";
    .port_info 2 /INPUT 1 "inc";
    .port_info 3 /OUTPUT 2 "outc";
    .port_info 4 /OUTPUT 1 "zero";
P_0x63daa9a72a50 .param/l "width" 0 4 2, +C4<00000000000000000000000000000001>;
v0x63daa9a72ba0_0 .net *"_ivl_0", 31 0, L_0x63daa9a8aa70;  1 drivers
L_0x7a80504c0450 .functor BUFT 1, C4<00>, C4<0>, C4<0>, C4<0>;
v0x63daa9a72ca0_0 .net/2s *"_ivl_10", 1 0, L_0x7a80504c0450;  1 drivers
v0x63daa9a72d80_0 .net *"_ivl_12", 1 0, L_0x63daa9a8aca0;  1 drivers
L_0x7a80504c0378 .functor BUFT 1, C4<000000000000000000000000000000>, C4<0>, C4<0>, C4<0>;
v0x63daa9a72e70_0 .net *"_ivl_3", 29 0, L_0x7a80504c0378;  1 drivers
L_0x7a80504c03c0 .functor BUFT 1, C4<00000000000000000000000000000000>, C4<0>, C4<0>, C4<0>;
v0x63daa9a72f50_0 .net/2u *"_ivl_4", 31 0, L_0x7a80504c03c0;  1 drivers
v0x63daa9a73080_0 .net *"_ivl_6", 0 0, L_0x63daa9a8ab60;  1 drivers
L_0x7a80504c0408 .functor BUFT 1, C4<01>, C4<0>, C4<0>, C4<0>;
v0x63daa9a73140_0 .net/2s *"_ivl_8", 1 0, L_0x7a80504c0408;  1 drivers
v0x63daa9a73220_0 .net "clk", 0 0, v0x63daa9a77d00_0;  alias, 1 drivers
v0x63daa9a73310_0 .net "inc", 0 0, v0x63daa9a750e0_0;  alias, 1 drivers
v0x63daa9a733d0_0 .var "outc", 1 0;
v0x63daa9a734b0_0 .net "reset", 0 0, v0x63daa9a756f0_0;  alias, 1 drivers
v0x63daa9a73570_0 .net "zero", 0 0, L_0x63daa9a8ae30;  alias, 1 drivers
L_0x63daa9a8aa70 .concat [ 2 30 0 0], v0x63daa9a733d0_0, L_0x7a80504c0378;
L_0x63daa9a8ab60 .cmp/eq 32, L_0x63daa9a8aa70, L_0x7a80504c03c0;
L_0x63daa9a8aca0 .functor MUXZ 2, L_0x7a80504c0450, L_0x7a80504c0408, L_0x63daa9a8ab60, C4<>;
L_0x63daa9a8ae30 .part L_0x63daa9a8aca0, 0, 1;
S_0x63daa9a736d0 .scope module, "count_row" "count" 3 58, 4 1 0, S_0x63daa9a028c0;
 .timescale -9 -12;
    .port_info 0 /INPUT 1 "clk";
    .port_info 1 /INPUT 1 "reset";
    .port_info 2 /INPUT 1 "inc";
    .port_info 3 /OUTPUT 5 "outc";
    .port_info 4 /OUTPUT 1 "zero";
P_0x63daa9a738b0 .param/l "width" 0 4 2, +C4<00000000000000000000000000000100>;
v0x63daa9a739d0_0 .net *"_ivl_0", 31 0, L_0x63daa9a79bf0;  1 drivers
L_0x7a80504c00f0 .functor BUFT 1, C4<00>, C4<0>, C4<0>, C4<0>;
v0x63daa9a73ad0_0 .net/2s *"_ivl_10", 1 0, L_0x7a80504c00f0;  1 drivers
v0x63daa9a73bb0_0 .net *"_ivl_12", 1 0, L_0x63daa9a89e00;  1 drivers
L_0x7a80504c0018 .functor BUFT 1, C4<000000000000000000000000000>, C4<0>, C4<0>, C4<0>;
v0x63daa9a73c70_0 .net *"_ivl_3", 26 0, L_0x7a80504c0018;  1 drivers
L_0x7a80504c0060 .functor BUFT 1, C4<00000000000000000000000000000000>, C4<0>, C4<0>, C4<0>;
v0x63daa9a73d50_0 .net/2u *"_ivl_4", 31 0, L_0x7a80504c0060;  1 drivers
v0x63daa9a73e80_0 .net *"_ivl_6", 0 0, L_0x63daa9a89cc0;  1 drivers
L_0x7a80504c00a8 .functor BUFT 1, C4<01>, C4<0>, C4<0>, C4<0>;
v0x63daa9a73f40_0 .net/2s *"_ivl_8", 1 0, L_0x7a80504c00a8;  1 drivers
v0x63daa9a74020_0 .net "clk", 0 0, v0x63daa9a77d00_0;  alias, 1 drivers
v0x63daa9a740c0_0 .net "inc", 0 0, v0x63daa9a751e0_0;  alias, 1 drivers
v0x63daa9a74180_0 .var "outc", 4 0;
v0x63daa9a74260_0 .net "reset", 0 0, v0x63daa9a757c0_0;  alias, 1 drivers
v0x63daa9a74320_0 .net "zero", 0 0, L_0x63daa9a89f90;  alias, 1 drivers
L_0x63daa9a79bf0 .concat [ 5 27 0 0], v0x63daa9a74180_0, L_0x7a80504c0018;
L_0x63daa9a89cc0 .cmp/eq 32, L_0x63daa9a79bf0, L_0x7a80504c0060;
L_0x63daa9a89e00 .functor MUXZ 2, L_0x7a80504c00f0, L_0x7a80504c00a8, L_0x63daa9a89cc0, C4<>;
L_0x63daa9a89f90 .part L_0x63daa9a89e00, 0, 1;
S_0x63daa9a74480 .scope module, "ctrl0" "ctrl_lp4k" 3 66, 6 1 0, S_0x63daa9a028c0;
 .timescale -9 -12;
    .port_info 0 /INPUT 1 "clk";
    .port_info 1 /INPUT 1 "init";
    .port_info 2 /INPUT 1 "rst";
    .port_info 3 /INPUT 1 "ZR";
    .port_info 4 /INPUT 1 "ZC";
    .port_info 5 /INPUT 1 "ZD";
    .port_info 6 /INPUT 1 "ZI";
    .port_info 7 /OUTPUT 1 "RST_R";
    .port_info 8 /OUTPUT 1 "RST_C";
    .port_info 9 /OUTPUT 1 "RST_D";
    .port_info 10 /OUTPUT 1 "RST_I";
    .port_info 11 /OUTPUT 1 "INC_R";
    .port_info 12 /OUTPUT 1 "INC_C";
    .port_info 13 /OUTPUT 1 "INC_D";
    .port_info 14 /OUTPUT 1 "INC_I";
    .port_info 15 /OUTPUT 1 "LD";
    .port_info 16 /OUTPUT 1 "SHD";
    .port_info 17 /OUTPUT 1 "LATCH";
    .port_info 18 /OUTPUT 1 "NOE";
    .port_info 19 /OUTPUT 1 "PX_CLK_EN";
P_0x63daa9a74610 .param/l "DELAY_ROW" 0 6 29, C4<0101>;
P_0x63daa9a74650 .param/l "GET_PIXEL" 0 6 25, C4<0001>;
P_0x63daa9a74690 .param/l "INC_COL" 0 6 26, C4<0010>;
P_0x63daa9a746d0 .param/l "INC_ROW" 0 6 30, C4<0110>;
P_0x63daa9a74710 .param/l "NEXT_BIT" 0 6 32, C4<1000>;
P_0x63daa9a74750 .param/l "NEXT_DELAY" 0 6 33, C4<1001>;
P_0x63daa9a74790 .param/l "READY_FRAME" 0 6 31, C4<0111>;
P_0x63daa9a747d0 .param/l "ROW_READY" 0 6 27, C4<0100>;
P_0x63daa9a74810 .param/l "SEND_ROW" 0 6 28, C4<0011>;
P_0x63daa9a74850 .param/l "START" 0 6 24, C4<0000>;
v0x63daa9a74f50_0 .var "INC_C", 0 0;
v0x63daa9a75010_0 .var "INC_D", 0 0;
v0x63daa9a750e0_0 .var "INC_I", 0 0;
v0x63daa9a751e0_0 .var "INC_R", 0 0;
v0x63daa9a752b0_0 .var "LATCH", 0 0;
v0x63daa9a753a0_0 .var "LD", 0 0;
v0x63daa9a75440_0 .var "NOE", 0 0;
v0x63daa9a754e0_0 .var "PX_CLK_EN", 0 0;
v0x63daa9a75580_0 .var "RST_C", 0 0;
v0x63daa9a75620_0 .var "RST_D", 0 0;
v0x63daa9a756f0_0 .var "RST_I", 0 0;
v0x63daa9a757c0_0 .var "RST_R", 0 0;
v0x63daa9a75890_0 .var "SHD", 0 0;
v0x63daa9a75930_0 .net "ZC", 0 0, L_0x63daa9a8a490;  alias, 1 drivers
v0x63daa9a75a00_0 .net "ZD", 0 0, v0x63daa9a71950_0;  alias, 1 drivers
v0x63daa9a75ad0_0 .net "ZI", 0 0, L_0x63daa9a8ae30;  alias, 1 drivers
v0x63daa9a75ba0_0 .net "ZR", 0 0, L_0x63daa9a89f90;  alias, 1 drivers
v0x63daa9a75c70_0 .net "clk", 0 0, v0x63daa9a77d00_0;  alias, 1 drivers
L_0x7a80504c04e0 .functor BUFT 1, C4<1>, C4<0>, C4<0>, C4<0>;
v0x63daa9a75d10_0 .net "init", 0 0, L_0x7a80504c04e0;  1 drivers
v0x63daa9a75db0_0 .net "rst", 0 0, v0x63daa9a79870_0;  alias, 1 drivers
v0x63daa9a75e50_0 .var "state", 3 0;
v0x63daa9a75ef0_0 .var "state_name", 320 1;
E_0x63daa9a55960 .event anyedge, v0x63daa9a75e50_0;
E_0x63daa9a55ae0 .event posedge, v0x63daa9a71000_0;
S_0x63daa9a761d0 .scope module, "lsr_led0" "lsr_led" 3 62, 7 1 0, S_0x63daa9a028c0;
 .timescale -9 -12;
    .port_info 0 /INPUT 1 "clk";
    .port_info 1 /INPUT 1 "shift";
    .port_info 2 /INPUT 1 "load";
    .port_info 3 /OUTPUT 11 "s_A";
P_0x63daa9a56110 .param/l "init_value" 0 7 2, +C4<00000000000000000000000000010100>;
P_0x63daa9a56150 .param/l "width" 0 7 3, +C4<00000000000000000000000000001010>;
v0x63daa9a764d0_0 .net "clk", 0 0, v0x63daa9a77d00_0;  alias, 1 drivers
v0x63daa9a76590_0 .net "load", 0 0, v0x63daa9a753a0_0;  alias, 1 drivers
v0x63daa9a76680_0 .var "s_A", 10 0;
v0x63daa9a76780_0 .net "shift", 0 0, v0x63daa9a75890_0;  alias, 1 drivers
S_0x63daa9a76880 .scope module, "mem0" "memory" 3 64, 8 1 0, S_0x63daa9a028c0;
 .timescale -9 -12;
    .port_info 0 /INPUT 1 "clk";
    .port_info 1 /INPUT 11 "address";
    .port_info 2 /INPUT 1 "rd";
    .port_info 3 /OUTPUT 24 "rdata";
v0x63daa9a76a60 .array "MEM", 2047 0, 23 0;
v0x63daa9a76b40_0 .net "address", 10 0, L_0x63daa9a79910;  alias, 1 drivers
v0x63daa9a76c20_0 .net "clk", 0 0, v0x63daa9a77d00_0;  alias, 1 drivers
L_0x7a80504c0498 .functor BUFT 1, C4<1>, C4<0>, C4<0>, C4<0>;
v0x63daa9a76cf0_0 .net "rd", 0 0, L_0x7a80504c0498;  1 drivers
v0x63daa9a76d90_0 .var "rdata", 23 0;
S_0x63daa9a76f40 .scope module, "mux0" "mux_led" 3 65, 9 1 0, S_0x63daa9a028c0;
 .timescale -9 -12;
    .port_info 0 /INPUT 24 "in0";
    .port_info 1 /INPUT 2 "sel";
    .port_info 2 /OUTPUT 6 "out0";
v0x63daa9a77180_0 .net "in0", 23 0, v0x63daa9a76d90_0;  alias, 1 drivers
v0x63daa9a77260_0 .var "out0", 5 0;
v0x63daa9a77320_0 .net "sel", 1 0, v0x63daa9a733d0_0;  alias, 1 drivers
E_0x63daa9a558e0 .event anyedge, v0x63daa9a733d0_0, v0x63daa9a76d90_0;
    .scope S_0x63daa9a736d0;
T_0 ;
    %wait E_0x63daa99e7270;
    %load/vec4 v0x63daa9a74260_0;
    %inv;
    %flag_set/vec4 8;
    %jmp/0xz  T_0.0, 8;
    %pushi/vec4 0, 0, 5;
    %assign/vec4 v0x63daa9a74180_0, 0;
    %jmp T_0.1;
T_0.0 ;
    %load/vec4 v0x63daa9a740c0_0;
    %flag_set/vec4 8;
    %jmp/0xz  T_0.2, 8;
    %load/vec4 v0x63daa9a74180_0;
    %addi 1, 0, 5;
    %assign/vec4 v0x63daa9a74180_0, 0;
T_0.2 ;
T_0.1 ;
    %jmp T_0;
    .thread T_0;
    .scope S_0x63daa9a71a80;
T_1 ;
    %wait E_0x63daa99e7270;
    %load/vec4 v0x63daa9a72670_0;
    %inv;
    %flag_set/vec4 8;
    %jmp/0xz  T_1.0, 8;
    %pushi/vec4 0, 0, 6;
    %assign/vec4 v0x63daa9a72590_0, 0;
    %jmp T_1.1;
T_1.0 ;
    %load/vec4 v0x63daa9a724f0_0;
    %flag_set/vec4 8;
    %jmp/0xz  T_1.2, 8;
    %load/vec4 v0x63daa9a72590_0;
    %addi 1, 0, 6;
    %assign/vec4 v0x63daa9a72590_0, 0;
T_1.2 ;
T_1.1 ;
    %jmp T_1;
    .thread T_1;
    .scope S_0x63daa99c3120;
T_2 ;
    %wait E_0x63daa99e7270;
    %load/vec4 v0x63daa9a71260_0;
    %inv;
    %flag_set/vec4 8;
    %jmp/0xz  T_2.0, 8;
    %pushi/vec4 0, 0, 11;
    %assign/vec4 v0x63daa9a71180_0, 0;
    %jmp T_2.1;
T_2.0 ;
    %load/vec4 v0x63daa9a710c0_0;
    %flag_set/vec4 8;
    %jmp/0xz  T_2.2, 8;
    %load/vec4 v0x63daa9a71180_0;
    %addi 1, 0, 11;
    %assign/vec4 v0x63daa9a71180_0, 0;
T_2.2 ;
T_2.1 ;
    %jmp T_2;
    .thread T_2;
    .scope S_0x63daa9a728c0;
T_3 ;
    %wait E_0x63daa99e7270;
    %load/vec4 v0x63daa9a734b0_0;
    %inv;
    %flag_set/vec4 8;
    %jmp/0xz  T_3.0, 8;
    %pushi/vec4 0, 0, 2;
    %assign/vec4 v0x63daa9a733d0_0, 0;
    %jmp T_3.1;
T_3.0 ;
    %load/vec4 v0x63daa9a73310_0;
    %flag_set/vec4 8;
    %jmp/0xz  T_3.2, 8;
    %load/vec4 v0x63daa9a733d0_0;
    %addi 1, 0, 2;
    %assign/vec4 v0x63daa9a733d0_0, 0;
T_3.2 ;
T_3.1 ;
    %jmp T_3;
    .thread T_3;
    .scope S_0x63daa9a761d0;
T_4 ;
    %wait E_0x63daa99e7270;
    %load/vec4 v0x63daa9a76590_0;
    %flag_set/vec4 8;
    %jmp/0xz  T_4.0, 8;
    %pushi/vec4 20, 0, 11;
    %assign/vec4 v0x63daa9a76680_0, 0;
    %jmp T_4.1;
T_4.0 ;
    %load/vec4 v0x63daa9a76780_0;
    %flag_set/vec4 8;
    %jmp/0xz  T_4.2, 8;
    %load/vec4 v0x63daa9a76680_0;
    %ix/load 4, 1, 0;
    %flag_set/imm 4, 0;
    %shiftl 4;
    %assign/vec4 v0x63daa9a76680_0, 0;
    %jmp T_4.3;
T_4.2 ;
    %load/vec4 v0x63daa9a76680_0;
    %assign/vec4 v0x63daa9a76680_0, 0;
T_4.3 ;
T_4.1 ;
    %jmp T_4;
    .thread T_4;
    .scope S_0x63daa9a71480;
T_5 ;
    %wait E_0x63daa9a55920;
    %load/vec4 v0x63daa9a71760_0;
    %load/vec4 v0x63daa9a71860_0;
    %cmp/e;
    %jmp/0xz  T_5.0, 4;
    %pushi/vec4 1, 0, 1;
    %store/vec4 v0x63daa9a71950_0, 0, 1;
    %jmp T_5.1;
T_5.0 ;
    %pushi/vec4 0, 0, 1;
    %store/vec4 v0x63daa9a71950_0, 0, 1;
T_5.1 ;
    %jmp T_5;
    .thread T_5, $push;
    .scope S_0x63daa9a76880;
T_6 ;
    %vpi_call 8 10 "$readmemh", "./image.hex", v0x63daa9a76a60 {0 0 0};
    %end;
    .thread T_6;
    .scope S_0x63daa9a76880;
T_7 ;
    %wait E_0x63daa99e7270;
    %load/vec4 v0x63daa9a76cf0_0;
    %flag_set/vec4 8;
    %jmp/0xz  T_7.0, 8;
    %load/vec4 v0x63daa9a76b40_0;
    %pad/u 13;
    %ix/vec4 4;
    %load/vec4a v0x63daa9a76a60, 4;
    %assign/vec4 v0x63daa9a76d90_0, 0;
T_7.0 ;
    %jmp T_7;
    .thread T_7;
    .scope S_0x63daa9a76f40;
T_8 ;
    %wait E_0x63daa9a558e0;
    %load/vec4 v0x63daa9a77320_0;
    %dup/vec4;
    %pushi/vec4 0, 0, 2;
    %cmp/u;
    %jmp/1 T_8.0, 6;
    %dup/vec4;
    %pushi/vec4 1, 0, 2;
    %cmp/u;
    %jmp/1 T_8.1, 6;
    %dup/vec4;
    %pushi/vec4 2, 0, 2;
    %cmp/u;
    %jmp/1 T_8.2, 6;
    %dup/vec4;
    %pushi/vec4 3, 0, 2;
    %cmp/u;
    %jmp/1 T_8.3, 6;
    %load/vec4 v0x63daa9a77180_0;
    %parti/s 1, 20, 6;
    %load/vec4 v0x63daa9a77180_0;
    %parti/s 1, 16, 6;
    %concat/vec4; draw_concat_vec4
    %load/vec4 v0x63daa9a77180_0;
    %parti/s 1, 12, 5;
    %concat/vec4; draw_concat_vec4
    %load/vec4 v0x63daa9a77180_0;
    %parti/s 1, 8, 5;
    %concat/vec4; draw_concat_vec4
    %load/vec4 v0x63daa9a77180_0;
    %parti/s 1, 4, 4;
    %concat/vec4; draw_concat_vec4
    %load/vec4 v0x63daa9a77180_0;
    %parti/s 1, 0, 2;
    %concat/vec4; draw_concat_vec4
    %store/vec4 v0x63daa9a77260_0, 0, 6;
    %jmp T_8.5;
T_8.0 ;
    %load/vec4 v0x63daa9a77180_0;
    %parti/s 1, 20, 6;
    %load/vec4 v0x63daa9a77180_0;
    %parti/s 1, 16, 6;
    %concat/vec4; draw_concat_vec4
    %load/vec4 v0x63daa9a77180_0;
    %parti/s 1, 12, 5;
    %concat/vec4; draw_concat_vec4
    %load/vec4 v0x63daa9a77180_0;
    %parti/s 1, 8, 5;
    %concat/vec4; draw_concat_vec4
    %load/vec4 v0x63daa9a77180_0;
    %parti/s 1, 4, 4;
    %concat/vec4; draw_concat_vec4
    %load/vec4 v0x63daa9a77180_0;
    %parti/s 1, 0, 2;
    %concat/vec4; draw_concat_vec4
    %store/vec4 v0x63daa9a77260_0, 0, 6;
    %jmp T_8.5;
T_8.1 ;
    %load/vec4 v0x63daa9a77180_0;
    %parti/s 1, 21, 6;
    %load/vec4 v0x63daa9a77180_0;
    %parti/s 1, 17, 6;
    %concat/vec4; draw_concat_vec4
    %load/vec4 v0x63daa9a77180_0;
    %parti/s 1, 13, 5;
    %concat/vec4; draw_concat_vec4
    %load/vec4 v0x63daa9a77180_0;
    %parti/s 1, 9, 5;
    %concat/vec4; draw_concat_vec4
    %load/vec4 v0x63daa9a77180_0;
    %parti/s 1, 5, 4;
    %concat/vec4; draw_concat_vec4
    %load/vec4 v0x63daa9a77180_0;
    %parti/s 1, 1, 2;
    %concat/vec4; draw_concat_vec4
    %store/vec4 v0x63daa9a77260_0, 0, 6;
    %jmp T_8.5;
T_8.2 ;
    %load/vec4 v0x63daa9a77180_0;
    %parti/s 1, 22, 6;
    %load/vec4 v0x63daa9a77180_0;
    %parti/s 1, 18, 6;
    %concat/vec4; draw_concat_vec4
    %load/vec4 v0x63daa9a77180_0;
    %parti/s 1, 14, 5;
    %concat/vec4; draw_concat_vec4
    %load/vec4 v0x63daa9a77180_0;
    %parti/s 1, 10, 5;
    %concat/vec4; draw_concat_vec4
    %load/vec4 v0x63daa9a77180_0;
    %parti/s 1, 6, 4;
    %concat/vec4; draw_concat_vec4
    %load/vec4 v0x63daa9a77180_0;
    %parti/s 1, 2, 3;
    %concat/vec4; draw_concat_vec4
    %store/vec4 v0x63daa9a77260_0, 0, 6;
    %jmp T_8.5;
T_8.3 ;
    %load/vec4 v0x63daa9a77180_0;
    %parti/s 1, 23, 6;
    %load/vec4 v0x63daa9a77180_0;
    %parti/s 1, 19, 6;
    %concat/vec4; draw_concat_vec4
    %load/vec4 v0x63daa9a77180_0;
    %parti/s 1, 15, 5;
    %concat/vec4; draw_concat_vec4
    %load/vec4 v0x63daa9a77180_0;
    %parti/s 1, 11, 5;
    %concat/vec4; draw_concat_vec4
    %load/vec4 v0x63daa9a77180_0;
    %parti/s 1, 7, 4;
    %concat/vec4; draw_concat_vec4
    %load/vec4 v0x63daa9a77180_0;
    %parti/s 1, 3, 3;
    %concat/vec4; draw_concat_vec4
    %store/vec4 v0x63daa9a77260_0, 0, 6;
    %jmp T_8.5;
T_8.5 ;
    %pop/vec4 1;
    %jmp T_8;
    .thread T_8, $push;
    .scope S_0x63daa9a74480;
T_9 ;
    %wait E_0x63daa9a55ae0;
    %load/vec4 v0x63daa9a75db0_0;
    %flag_set/vec4 8;
    %jmp/0xz  T_9.0, 8;
    %pushi/vec4 0, 0, 4;
    %store/vec4 v0x63daa9a75e50_0, 0, 4;
    %jmp T_9.1;
T_9.0 ;
    %load/vec4 v0x63daa9a75e50_0;
    %dup/vec4;
    %pushi/vec4 0, 0, 4;
    %cmp/u;
    %jmp/1 T_9.2, 6;
    %dup/vec4;
    %pushi/vec4 1, 0, 4;
    %cmp/u;
    %jmp/1 T_9.3, 6;
    %dup/vec4;
    %pushi/vec4 2, 0, 4;
    %cmp/u;
    %jmp/1 T_9.4, 6;
    %dup/vec4;
    %pushi/vec4 3, 0, 4;
    %cmp/u;
    %jmp/1 T_9.5, 6;
    %dup/vec4;
    %pushi/vec4 5, 0, 4;
    %cmp/u;
    %jmp/1 T_9.6, 6;
    %dup/vec4;
    %pushi/vec4 8, 0, 4;
    %cmp/u;
    %jmp/1 T_9.7, 6;
    %dup/vec4;
    %pushi/vec4 9, 0, 4;
    %cmp/u;
    %jmp/1 T_9.8, 6;
    %dup/vec4;
    %pushi/vec4 6, 0, 4;
    %cmp/u;
    %jmp/1 T_9.9, 6;
    %dup/vec4;
    %pushi/vec4 7, 0, 4;
    %cmp/u;
    %jmp/1 T_9.10, 6;
    %pushi/vec4 0, 0, 4;
    %store/vec4 v0x63daa9a75e50_0, 0, 4;
    %jmp T_9.12;
T_9.2 ;
    %load/vec4 v0x63daa9a75d10_0;
    %flag_set/vec4 8;
    %jmp/0xz  T_9.13, 8;
    %pushi/vec4 1, 0, 4;
    %store/vec4 v0x63daa9a75e50_0, 0, 4;
    %jmp T_9.14;
T_9.13 ;
    %pushi/vec4 0, 0, 4;
    %store/vec4 v0x63daa9a75e50_0, 0, 4;
T_9.14 ;
    %jmp T_9.12;
T_9.3 ;
    %pushi/vec4 2, 0, 4;
    %store/vec4 v0x63daa9a75e50_0, 0, 4;
    %jmp T_9.12;
T_9.4 ;
    %load/vec4 v0x63daa9a75930_0;
    %flag_set/vec4 8;
    %jmp/0xz  T_9.15, 8;
    %pushi/vec4 3, 0, 4;
    %store/vec4 v0x63daa9a75e50_0, 0, 4;
    %jmp T_9.16;
T_9.15 ;
    %pushi/vec4 2, 0, 4;
    %store/vec4 v0x63daa9a75e50_0, 0, 4;
T_9.16 ;
    %jmp T_9.12;
T_9.5 ;
    %pushi/vec4 5, 0, 4;
    %store/vec4 v0x63daa9a75e50_0, 0, 4;
    %jmp T_9.12;
T_9.6 ;
    %load/vec4 v0x63daa9a75a00_0;
    %flag_set/vec4 8;
    %jmp/0xz  T_9.17, 8;
    %pushi/vec4 8, 0, 4;
    %store/vec4 v0x63daa9a75e50_0, 0, 4;
    %jmp T_9.18;
T_9.17 ;
    %pushi/vec4 5, 0, 4;
    %store/vec4 v0x63daa9a75e50_0, 0, 4;
T_9.18 ;
    %jmp T_9.12;
T_9.7 ;
    %pushi/vec4 9, 0, 4;
    %store/vec4 v0x63daa9a75e50_0, 0, 4;
    %jmp T_9.12;
T_9.8 ;
    %load/vec4 v0x63daa9a75ad0_0;
    %flag_set/vec4 8;
    %jmp/0xz  T_9.19, 8;
    %pushi/vec4 6, 0, 4;
    %store/vec4 v0x63daa9a75e50_0, 0, 4;
    %jmp T_9.20;
T_9.19 ;
    %pushi/vec4 1, 0, 4;
    %store/vec4 v0x63daa9a75e50_0, 0, 4;
T_9.20 ;
    %jmp T_9.12;
T_9.9 ;
    %pushi/vec4 7, 0, 4;
    %store/vec4 v0x63daa9a75e50_0, 0, 4;
    %jmp T_9.12;
T_9.10 ;
    %load/vec4 v0x63daa9a75ba0_0;
    %flag_set/vec4 8;
    %jmp/0xz  T_9.21, 8;
    %pushi/vec4 0, 0, 4;
    %store/vec4 v0x63daa9a75e50_0, 0, 4;
    %jmp T_9.22;
T_9.21 ;
    %pushi/vec4 1, 0, 4;
    %store/vec4 v0x63daa9a75e50_0, 0, 4;
T_9.22 ;
    %jmp T_9.12;
T_9.12 ;
    %pop/vec4 1;
T_9.1 ;
    %jmp T_9;
    .thread T_9;
    .scope S_0x63daa9a74480;
T_10 ;
    %wait E_0x63daa9a55960;
    %load/vec4 v0x63daa9a75e50_0;
    %dup/vec4;
    %pushi/vec4 0, 0, 4;
    %cmp/u;
    %jmp/1 T_10.0, 6;
    %dup/vec4;
    %pushi/vec4 1, 0, 4;
    %cmp/u;
    %jmp/1 T_10.1, 6;
    %dup/vec4;
    %pushi/vec4 2, 0, 4;
    %cmp/u;
    %jmp/1 T_10.2, 6;
    %dup/vec4;
    %pushi/vec4 3, 0, 4;
    %cmp/u;
    %jmp/1 T_10.3, 6;
    %dup/vec4;
    %pushi/vec4 5, 0, 4;
    %cmp/u;
    %jmp/1 T_10.4, 6;
    %dup/vec4;
    %pushi/vec4 8, 0, 4;
    %cmp/u;
    %jmp/1 T_10.5, 6;
    %dup/vec4;
    %pushi/vec4 9, 0, 4;
    %cmp/u;
    %jmp/1 T_10.6, 6;
    %dup/vec4;
    %pushi/vec4 6, 0, 4;
    %cmp/u;
    %jmp/1 T_10.7, 6;
    %dup/vec4;
    %pushi/vec4 7, 0, 4;
    %cmp/u;
    %jmp/1 T_10.8, 6;
    %pushi/vec4 0, 0, 1;
    %store/vec4 v0x63daa9a757c0_0, 0, 1;
    %pushi/vec4 0, 0, 1;
    %store/vec4 v0x63daa9a75580_0, 0, 1;
    %pushi/vec4 0, 0, 1;
    %store/vec4 v0x63daa9a75620_0, 0, 1;
    %pushi/vec4 1, 0, 1;
    %store/vec4 v0x63daa9a756f0_0, 0, 1;
    %pushi/vec4 0, 0, 1;
    %store/vec4 v0x63daa9a751e0_0, 0, 1;
    %pushi/vec4 0, 0, 1;
    %store/vec4 v0x63daa9a74f50_0, 0, 1;
    %pushi/vec4 0, 0, 1;
    %store/vec4 v0x63daa9a75010_0, 0, 1;
    %pushi/vec4 0, 0, 1;
    %store/vec4 v0x63daa9a750e0_0, 0, 1;
    %pushi/vec4 0, 0, 1;
    %store/vec4 v0x63daa9a753a0_0, 0, 1;
    %pushi/vec4 0, 0, 1;
    %store/vec4 v0x63daa9a75890_0, 0, 1;
    %pushi/vec4 0, 0, 1;
    %store/vec4 v0x63daa9a752b0_0, 0, 1;
    %pushi/vec4 1, 0, 1;
    %store/vec4 v0x63daa9a75440_0, 0, 1;
    %pushi/vec4 0, 0, 1;
    %store/vec4 v0x63daa9a754e0_0, 0, 1;
    %jmp T_10.10;
T_10.0 ;
    %pushi/vec4 0, 0, 1;
    %store/vec4 v0x63daa9a757c0_0, 0, 1;
    %pushi/vec4 0, 0, 1;
    %store/vec4 v0x63daa9a75580_0, 0, 1;
    %pushi/vec4 0, 0, 1;
    %store/vec4 v0x63daa9a75620_0, 0, 1;
    %pushi/vec4 0, 0, 1;
    %store/vec4 v0x63daa9a756f0_0, 0, 1;
    %pushi/vec4 0, 0, 1;
    %store/vec4 v0x63daa9a751e0_0, 0, 1;
    %pushi/vec4 0, 0, 1;
    %store/vec4 v0x63daa9a74f50_0, 0, 1;
    %pushi/vec4 0, 0, 1;
    %store/vec4 v0x63daa9a75010_0, 0, 1;
    %pushi/vec4 0, 0, 1;
    %store/vec4 v0x63daa9a750e0_0, 0, 1;
    %pushi/vec4 1, 0, 1;
    %store/vec4 v0x63daa9a753a0_0, 0, 1;
    %pushi/vec4 0, 0, 1;
    %store/vec4 v0x63daa9a75890_0, 0, 1;
    %pushi/vec4 0, 0, 1;
    %store/vec4 v0x63daa9a752b0_0, 0, 1;
    %pushi/vec4 1, 0, 1;
    %store/vec4 v0x63daa9a75440_0, 0, 1;
    %pushi/vec4 0, 0, 1;
    %store/vec4 v0x63daa9a754e0_0, 0, 1;
    %jmp T_10.10;
T_10.1 ;
    %pushi/vec4 1, 0, 1;
    %store/vec4 v0x63daa9a757c0_0, 0, 1;
    %pushi/vec4 1, 0, 1;
    %store/vec4 v0x63daa9a75580_0, 0, 1;
    %pushi/vec4 1, 0, 1;
    %store/vec4 v0x63daa9a75620_0, 0, 1;
    %pushi/vec4 1, 0, 1;
    %store/vec4 v0x63daa9a756f0_0, 0, 1;
    %pushi/vec4 0, 0, 1;
    %store/vec4 v0x63daa9a751e0_0, 0, 1;
    %pushi/vec4 0, 0, 1;
    %store/vec4 v0x63daa9a74f50_0, 0, 1;
    %pushi/vec4 0, 0, 1;
    %store/vec4 v0x63daa9a75010_0, 0, 1;
    %pushi/vec4 0, 0, 1;
    %store/vec4 v0x63daa9a750e0_0, 0, 1;
    %pushi/vec4 0, 0, 1;
    %store/vec4 v0x63daa9a753a0_0, 0, 1;
    %pushi/vec4 0, 0, 1;
    %store/vec4 v0x63daa9a75890_0, 0, 1;
    %pushi/vec4 0, 0, 1;
    %store/vec4 v0x63daa9a752b0_0, 0, 1;
    %pushi/vec4 1, 0, 1;
    %store/vec4 v0x63daa9a75440_0, 0, 1;
    %pushi/vec4 0, 0, 1;
    %store/vec4 v0x63daa9a754e0_0, 0, 1;
    %jmp T_10.10;
T_10.2 ;
    %pushi/vec4 1, 0, 1;
    %store/vec4 v0x63daa9a757c0_0, 0, 1;
    %pushi/vec4 1, 0, 1;
    %store/vec4 v0x63daa9a75580_0, 0, 1;
    %pushi/vec4 1, 0, 1;
    %store/vec4 v0x63daa9a75620_0, 0, 1;
    %pushi/vec4 1, 0, 1;
    %store/vec4 v0x63daa9a756f0_0, 0, 1;
    %pushi/vec4 0, 0, 1;
    %store/vec4 v0x63daa9a751e0_0, 0, 1;
    %pushi/vec4 1, 0, 1;
    %store/vec4 v0x63daa9a74f50_0, 0, 1;
    %pushi/vec4 0, 0, 1;
    %store/vec4 v0x63daa9a75010_0, 0, 1;
    %pushi/vec4 0, 0, 1;
    %store/vec4 v0x63daa9a750e0_0, 0, 1;
    %pushi/vec4 0, 0, 1;
    %store/vec4 v0x63daa9a753a0_0, 0, 1;
    %pushi/vec4 0, 0, 1;
    %store/vec4 v0x63daa9a75890_0, 0, 1;
    %pushi/vec4 0, 0, 1;
    %store/vec4 v0x63daa9a752b0_0, 0, 1;
    %pushi/vec4 1, 0, 1;
    %store/vec4 v0x63daa9a75440_0, 0, 1;
    %pushi/vec4 1, 0, 1;
    %store/vec4 v0x63daa9a754e0_0, 0, 1;
    %jmp T_10.10;
T_10.3 ;
    %pushi/vec4 1, 0, 1;
    %store/vec4 v0x63daa9a757c0_0, 0, 1;
    %pushi/vec4 1, 0, 1;
    %store/vec4 v0x63daa9a75580_0, 0, 1;
    %pushi/vec4 1, 0, 1;
    %store/vec4 v0x63daa9a75620_0, 0, 1;
    %pushi/vec4 1, 0, 1;
    %store/vec4 v0x63daa9a756f0_0, 0, 1;
    %pushi/vec4 0, 0, 1;
    %store/vec4 v0x63daa9a751e0_0, 0, 1;
    %pushi/vec4 0, 0, 1;
    %store/vec4 v0x63daa9a74f50_0, 0, 1;
    %pushi/vec4 0, 0, 1;
    %store/vec4 v0x63daa9a75010_0, 0, 1;
    %pushi/vec4 0, 0, 1;
    %store/vec4 v0x63daa9a750e0_0, 0, 1;
    %pushi/vec4 0, 0, 1;
    %store/vec4 v0x63daa9a753a0_0, 0, 1;
    %pushi/vec4 0, 0, 1;
    %store/vec4 v0x63daa9a75890_0, 0, 1;
    %pushi/vec4 1, 0, 1;
    %store/vec4 v0x63daa9a752b0_0, 0, 1;
    %pushi/vec4 0, 0, 1;
    %store/vec4 v0x63daa9a75440_0, 0, 1;
    %pushi/vec4 0, 0, 1;
    %store/vec4 v0x63daa9a754e0_0, 0, 1;
    %jmp T_10.10;
T_10.4 ;
    %pushi/vec4 1, 0, 1;
    %store/vec4 v0x63daa9a757c0_0, 0, 1;
    %pushi/vec4 1, 0, 1;
    %store/vec4 v0x63daa9a75580_0, 0, 1;
    %pushi/vec4 1, 0, 1;
    %store/vec4 v0x63daa9a75620_0, 0, 1;
    %pushi/vec4 1, 0, 1;
    %store/vec4 v0x63daa9a756f0_0, 0, 1;
    %pushi/vec4 0, 0, 1;
    %store/vec4 v0x63daa9a751e0_0, 0, 1;
    %pushi/vec4 0, 0, 1;
    %store/vec4 v0x63daa9a74f50_0, 0, 1;
    %pushi/vec4 1, 0, 1;
    %store/vec4 v0x63daa9a75010_0, 0, 1;
    %pushi/vec4 0, 0, 1;
    %store/vec4 v0x63daa9a750e0_0, 0, 1;
    %pushi/vec4 0, 0, 1;
    %store/vec4 v0x63daa9a753a0_0, 0, 1;
    %pushi/vec4 0, 0, 1;
    %store/vec4 v0x63daa9a75890_0, 0, 1;
    %pushi/vec4 0, 0, 1;
    %store/vec4 v0x63daa9a752b0_0, 0, 1;
    %pushi/vec4 0, 0, 1;
    %store/vec4 v0x63daa9a75440_0, 0, 1;
    %pushi/vec4 0, 0, 1;
    %store/vec4 v0x63daa9a754e0_0, 0, 1;
    %jmp T_10.10;
T_10.5 ;
    %pushi/vec4 1, 0, 1;
    %store/vec4 v0x63daa9a757c0_0, 0, 1;
    %pushi/vec4 1, 0, 1;
    %store/vec4 v0x63daa9a75580_0, 0, 1;
    %pushi/vec4 0, 0, 1;
    %store/vec4 v0x63daa9a75620_0, 0, 1;
    %pushi/vec4 1, 0, 1;
    %store/vec4 v0x63daa9a756f0_0, 0, 1;
    %pushi/vec4 0, 0, 1;
    %store/vec4 v0x63daa9a751e0_0, 0, 1;
    %pushi/vec4 0, 0, 1;
    %store/vec4 v0x63daa9a74f50_0, 0, 1;
    %pushi/vec4 0, 0, 1;
    %store/vec4 v0x63daa9a75010_0, 0, 1;
    %pushi/vec4 1, 0, 1;
    %store/vec4 v0x63daa9a750e0_0, 0, 1;
    %pushi/vec4 0, 0, 1;
    %store/vec4 v0x63daa9a753a0_0, 0, 1;
    %pushi/vec4 1, 0, 1;
    %store/vec4 v0x63daa9a75890_0, 0, 1;
    %pushi/vec4 0, 0, 1;
    %store/vec4 v0x63daa9a752b0_0, 0, 1;
    %pushi/vec4 0, 0, 1;
    %store/vec4 v0x63daa9a75440_0, 0, 1;
    %pushi/vec4 0, 0, 1;
    %store/vec4 v0x63daa9a754e0_0, 0, 1;
    %jmp T_10.10;
T_10.6 ;
    %pushi/vec4 1, 0, 1;
    %store/vec4 v0x63daa9a757c0_0, 0, 1;
    %pushi/vec4 1, 0, 1;
    %store/vec4 v0x63daa9a75580_0, 0, 1;
    %pushi/vec4 1, 0, 1;
    %store/vec4 v0x63daa9a75620_0, 0, 1;
    %pushi/vec4 1, 0, 1;
    %store/vec4 v0x63daa9a756f0_0, 0, 1;
    %pushi/vec4 0, 0, 1;
    %store/vec4 v0x63daa9a751e0_0, 0, 1;
    %pushi/vec4 0, 0, 1;
    %store/vec4 v0x63daa9a74f50_0, 0, 1;
    %pushi/vec4 1, 0, 1;
    %store/vec4 v0x63daa9a75010_0, 0, 1;
    %pushi/vec4 0, 0, 1;
    %store/vec4 v0x63daa9a750e0_0, 0, 1;
    %pushi/vec4 0, 0, 1;
    %store/vec4 v0x63daa9a753a0_0, 0, 1;
    %pushi/vec4 0, 0, 1;
    %store/vec4 v0x63daa9a75890_0, 0, 1;
    %pushi/vec4 0, 0, 1;
    %store/vec4 v0x63daa9a752b0_0, 0, 1;
    %pushi/vec4 0, 0, 1;
    %store/vec4 v0x63daa9a75440_0, 0, 1;
    %pushi/vec4 0, 0, 1;
    %store/vec4 v0x63daa9a754e0_0, 0, 1;
    %jmp T_10.10;
T_10.7 ;
    %pushi/vec4 1, 0, 1;
    %store/vec4 v0x63daa9a757c0_0, 0, 1;
    %pushi/vec4 0, 0, 1;
    %store/vec4 v0x63daa9a75580_0, 0, 1;
    %pushi/vec4 0, 0, 1;
    %store/vec4 v0x63daa9a75620_0, 0, 1;
    %pushi/vec4 1, 0, 1;
    %store/vec4 v0x63daa9a756f0_0, 0, 1;
    %pushi/vec4 1, 0, 1;
    %store/vec4 v0x63daa9a751e0_0, 0, 1;
    %pushi/vec4 0, 0, 1;
    %store/vec4 v0x63daa9a74f50_0, 0, 1;
    %pushi/vec4 0, 0, 1;
    %store/vec4 v0x63daa9a75010_0, 0, 1;
    %pushi/vec4 0, 0, 1;
    %store/vec4 v0x63daa9a750e0_0, 0, 1;
    %pushi/vec4 1, 0, 1;
    %store/vec4 v0x63daa9a753a0_0, 0, 1;
    %pushi/vec4 1, 0, 1;
    %store/vec4 v0x63daa9a75890_0, 0, 1;
    %pushi/vec4 0, 0, 1;
    %store/vec4 v0x63daa9a752b0_0, 0, 1;
    %pushi/vec4 1, 0, 1;
    %store/vec4 v0x63daa9a75440_0, 0, 1;
    %pushi/vec4 0, 0, 1;
    %store/vec4 v0x63daa9a754e0_0, 0, 1;
    %jmp T_10.10;
T_10.8 ;
    %pushi/vec4 1, 0, 1;
    %store/vec4 v0x63daa9a757c0_0, 0, 1;
    %pushi/vec4 1, 0, 1;
    %store/vec4 v0x63daa9a75580_0, 0, 1;
    %pushi/vec4 1, 0, 1;
    %store/vec4 v0x63daa9a75620_0, 0, 1;
    %pushi/vec4 1, 0, 1;
    %store/vec4 v0x63daa9a756f0_0, 0, 1;
    %pushi/vec4 0, 0, 1;
    %store/vec4 v0x63daa9a751e0_0, 0, 1;
    %pushi/vec4 0, 0, 1;
    %store/vec4 v0x63daa9a74f50_0, 0, 1;
    %pushi/vec4 0, 0, 1;
    %store/vec4 v0x63daa9a75010_0, 0, 1;
    %pushi/vec4 0, 0, 1;
    %store/vec4 v0x63daa9a750e0_0, 0, 1;
    %pushi/vec4 0, 0, 1;
    %store/vec4 v0x63daa9a753a0_0, 0, 1;
    %pushi/vec4 0, 0, 1;
    %store/vec4 v0x63daa9a75890_0, 0, 1;
    %pushi/vec4 0, 0, 1;
    %store/vec4 v0x63daa9a752b0_0, 0, 1;
    %pushi/vec4 1, 0, 1;
    %store/vec4 v0x63daa9a75440_0, 0, 1;
    %pushi/vec4 0, 0, 1;
    %store/vec4 v0x63daa9a754e0_0, 0, 1;
    %jmp T_10.10;
T_10.10 ;
    %pop/vec4 1;
    %jmp T_10;
    .thread T_10, $push;
    .scope S_0x63daa9a74480;
T_11 ;
    %wait E_0x63daa9a55960;
    %load/vec4 v0x63daa9a75e50_0;
    %dup/vec4;
    %pushi/vec4 0, 0, 4;
    %cmp/u;
    %jmp/1 T_11.0, 6;
    %dup/vec4;
    %pushi/vec4 1, 0, 4;
    %cmp/u;
    %jmp/1 T_11.1, 6;
    %dup/vec4;
    %pushi/vec4 2, 0, 4;
    %cmp/u;
    %jmp/1 T_11.2, 6;
    %dup/vec4;
    %pushi/vec4 4, 0, 4;
    %cmp/u;
    %jmp/1 T_11.3, 6;
    %dup/vec4;
    %pushi/vec4 3, 0, 4;
    %cmp/u;
    %jmp/1 T_11.4, 6;
    %dup/vec4;
    %pushi/vec4 5, 0, 4;
    %cmp/u;
    %jmp/1 T_11.5, 6;
    %dup/vec4;
    %pushi/vec4 6, 0, 4;
    %cmp/u;
    %jmp/1 T_11.6, 6;
    %dup/vec4;
    %pushi/vec4 7, 0, 4;
    %cmp/u;
    %jmp/1 T_11.7, 6;
    %dup/vec4;
    %pushi/vec4 8, 0, 4;
    %cmp/u;
    %jmp/1 T_11.8, 6;
    %dup/vec4;
    %pushi/vec4 9, 0, 4;
    %cmp/u;
    %jmp/1 T_11.9, 6;
    %jmp T_11.10;
T_11.0 ;
    %pushi/vec4 0, 0, 32; draw_string_vec4
    %pushi/vec4 0, 0, 32; draw_string_vec4
    %concat/vec4; draw_string_vec4
    %pushi/vec4 0, 0, 32; draw_string_vec4
    %concat/vec4; draw_string_vec4
    %pushi/vec4 0, 0, 32; draw_string_vec4
    %concat/vec4; draw_string_vec4
    %pushi/vec4 0, 0, 32; draw_string_vec4
    %concat/vec4; draw_string_vec4
    %pushi/vec4 0, 0, 32; draw_string_vec4
    %concat/vec4; draw_string_vec4
    %pushi/vec4 0, 0, 32; draw_string_vec4
    %concat/vec4; draw_string_vec4
    %pushi/vec4 0, 0, 32; draw_string_vec4
    %concat/vec4; draw_string_vec4
    %pushi/vec4 83, 0, 32; draw_string_vec4
    %concat/vec4; draw_string_vec4
    %pushi/vec4 1413567060, 0, 32; draw_string_vec4
    %concat/vec4; draw_string_vec4
    %store/vec4 v0x63daa9a75ef0_0, 0, 320;
    %jmp T_11.10;
T_11.1 ;
    %pushi/vec4 0, 0, 32; draw_string_vec4
    %pushi/vec4 0, 0, 32; draw_string_vec4
    %concat/vec4; draw_string_vec4
    %pushi/vec4 0, 0, 32; draw_string_vec4
    %concat/vec4; draw_string_vec4
    %pushi/vec4 0, 0, 32; draw_string_vec4
    %concat/vec4; draw_string_vec4
    %pushi/vec4 0, 0, 32; draw_string_vec4
    %concat/vec4; draw_string_vec4
    %pushi/vec4 0, 0, 32; draw_string_vec4
    %concat/vec4; draw_string_vec4
    %pushi/vec4 0, 0, 32; draw_string_vec4
    %concat/vec4; draw_string_vec4
    %pushi/vec4 71, 0, 32; draw_string_vec4
    %concat/vec4; draw_string_vec4
    %pushi/vec4 1163157328, 0, 32; draw_string_vec4
    %concat/vec4; draw_string_vec4
    %pushi/vec4 1230521676, 0, 32; draw_string_vec4
    %concat/vec4; draw_string_vec4
    %store/vec4 v0x63daa9a75ef0_0, 0, 320;
    %jmp T_11.10;
T_11.2 ;
    %pushi/vec4 0, 0, 32; draw_string_vec4
    %pushi/vec4 0, 0, 32; draw_string_vec4
    %concat/vec4; draw_string_vec4
    %pushi/vec4 0, 0, 32; draw_string_vec4
    %concat/vec4; draw_string_vec4
    %pushi/vec4 0, 0, 32; draw_string_vec4
    %concat/vec4; draw_string_vec4
    %pushi/vec4 0, 0, 32; draw_string_vec4
    %concat/vec4; draw_string_vec4
    %pushi/vec4 0, 0, 32; draw_string_vec4
    %concat/vec4; draw_string_vec4
    %pushi/vec4 0, 0, 32; draw_string_vec4
    %concat/vec4; draw_string_vec4
    %pushi/vec4 0, 0, 32; draw_string_vec4
    %concat/vec4; draw_string_vec4
    %pushi/vec4 4804163, 0, 32; draw_string_vec4
    %concat/vec4; draw_string_vec4
    %pushi/vec4 1598246732, 0, 32; draw_string_vec4
    %concat/vec4; draw_string_vec4
    %store/vec4 v0x63daa9a75ef0_0, 0, 320;
    %jmp T_11.10;
T_11.3 ;
    %pushi/vec4 0, 0, 32; draw_string_vec4
    %pushi/vec4 0, 0, 32; draw_string_vec4
    %concat/vec4; draw_string_vec4
    %pushi/vec4 0, 0, 32; draw_string_vec4
    %concat/vec4; draw_string_vec4
    %pushi/vec4 0, 0, 32; draw_string_vec4
    %concat/vec4; draw_string_vec4
    %pushi/vec4 0, 0, 32; draw_string_vec4
    %concat/vec4; draw_string_vec4
    %pushi/vec4 0, 0, 32; draw_string_vec4
    %concat/vec4; draw_string_vec4
    %pushi/vec4 0, 0, 32; draw_string_vec4
    %concat/vec4; draw_string_vec4
    %pushi/vec4 82, 0, 32; draw_string_vec4
    %concat/vec4; draw_string_vec4
    %pushi/vec4 1331126098, 0, 32; draw_string_vec4
    %concat/vec4; draw_string_vec4
    %pushi/vec4 1161905241, 0, 32; draw_string_vec4
    %concat/vec4; draw_string_vec4
    %store/vec4 v0x63daa9a75ef0_0, 0, 320;
    %jmp T_11.10;
T_11.4 ;
    %pushi/vec4 0, 0, 32; draw_string_vec4
    %pushi/vec4 0, 0, 32; draw_string_vec4
    %concat/vec4; draw_string_vec4
    %pushi/vec4 0, 0, 32; draw_string_vec4
    %concat/vec4; draw_string_vec4
    %pushi/vec4 0, 0, 32; draw_string_vec4
    %concat/vec4; draw_string_vec4
    %pushi/vec4 0, 0, 32; draw_string_vec4
    %concat/vec4; draw_string_vec4
    %pushi/vec4 0, 0, 32; draw_string_vec4
    %concat/vec4; draw_string_vec4
    %pushi/vec4 0, 0, 32; draw_string_vec4
    %concat/vec4; draw_string_vec4
    %pushi/vec4 0, 0, 32; draw_string_vec4
    %concat/vec4; draw_string_vec4
    %pushi/vec4 1397050948, 0, 32; draw_string_vec4
    %concat/vec4; draw_string_vec4
    %pushi/vec4 1599229783, 0, 32; draw_string_vec4
    %concat/vec4; draw_string_vec4
    %store/vec4 v0x63daa9a75ef0_0, 0, 320;
    %jmp T_11.10;
T_11.5 ;
    %pushi/vec4 0, 0, 32; draw_string_vec4
    %pushi/vec4 0, 0, 32; draw_string_vec4
    %concat/vec4; draw_string_vec4
    %pushi/vec4 0, 0, 32; draw_string_vec4
    %concat/vec4; draw_string_vec4
    %pushi/vec4 0, 0, 32; draw_string_vec4
    %concat/vec4; draw_string_vec4
    %pushi/vec4 0, 0, 32; draw_string_vec4
    %concat/vec4; draw_string_vec4
    %pushi/vec4 0, 0, 32; draw_string_vec4
    %concat/vec4; draw_string_vec4
    %pushi/vec4 0, 0, 32; draw_string_vec4
    %concat/vec4; draw_string_vec4
    %pushi/vec4 68, 0, 32; draw_string_vec4
    %concat/vec4; draw_string_vec4
    %pushi/vec4 1162625369, 0, 32; draw_string_vec4
    %concat/vec4; draw_string_vec4
    %pushi/vec4 1599229783, 0, 32; draw_string_vec4
    %concat/vec4; draw_string_vec4
    %store/vec4 v0x63daa9a75ef0_0, 0, 320;
    %jmp T_11.10;
T_11.6 ;
    %pushi/vec4 0, 0, 32; draw_string_vec4
    %pushi/vec4 0, 0, 32; draw_string_vec4
    %concat/vec4; draw_string_vec4
    %pushi/vec4 0, 0, 32; draw_string_vec4
    %concat/vec4; draw_string_vec4
    %pushi/vec4 0, 0, 32; draw_string_vec4
    %concat/vec4; draw_string_vec4
    %pushi/vec4 0, 0, 32; draw_string_vec4
    %concat/vec4; draw_string_vec4
    %pushi/vec4 0, 0, 32; draw_string_vec4
    %concat/vec4; draw_string_vec4
    %pushi/vec4 0, 0, 32; draw_string_vec4
    %concat/vec4; draw_string_vec4
    %pushi/vec4 0, 0, 32; draw_string_vec4
    %concat/vec4; draw_string_vec4
    %pushi/vec4 4804163, 0, 32; draw_string_vec4
    %concat/vec4; draw_string_vec4
    %pushi/vec4 1599229783, 0, 32; draw_string_vec4
    %concat/vec4; draw_string_vec4
    %store/vec4 v0x63daa9a75ef0_0, 0, 320;
    %jmp T_11.10;
T_11.7 ;
    %pushi/vec4 0, 0, 32; draw_string_vec4
    %pushi/vec4 0, 0, 32; draw_string_vec4
    %concat/vec4; draw_string_vec4
    %pushi/vec4 0, 0, 32; draw_string_vec4
    %concat/vec4; draw_string_vec4
    %pushi/vec4 0, 0, 32; draw_string_vec4
    %concat/vec4; draw_string_vec4
    %pushi/vec4 0, 0, 32; draw_string_vec4
    %concat/vec4; draw_string_vec4
    %pushi/vec4 0, 0, 32; draw_string_vec4
    %concat/vec4; draw_string_vec4
    %pushi/vec4 0, 0, 32; draw_string_vec4
    %concat/vec4; draw_string_vec4
    %pushi/vec4 5391681, 0, 32; draw_string_vec4
    %concat/vec4; draw_string_vec4
    %pushi/vec4 1146707782, 0, 32; draw_string_vec4
    %concat/vec4; draw_string_vec4
    %pushi/vec4 1380011333, 0, 32; draw_string_vec4
    %concat/vec4; draw_string_vec4
    %store/vec4 v0x63daa9a75ef0_0, 0, 320;
    %jmp T_11.10;
T_11.8 ;
    %pushi/vec4 0, 0, 32; draw_string_vec4
    %pushi/vec4 0, 0, 32; draw_string_vec4
    %concat/vec4; draw_string_vec4
    %pushi/vec4 0, 0, 32; draw_string_vec4
    %concat/vec4; draw_string_vec4
    %pushi/vec4 0, 0, 32; draw_string_vec4
    %concat/vec4; draw_string_vec4
    %pushi/vec4 0, 0, 32; draw_string_vec4
    %concat/vec4; draw_string_vec4
    %pushi/vec4 0, 0, 32; draw_string_vec4
    %concat/vec4; draw_string_vec4
    %pushi/vec4 0, 0, 32; draw_string_vec4
    %concat/vec4; draw_string_vec4
    %pushi/vec4 0, 0, 32; draw_string_vec4
    %concat/vec4; draw_string_vec4
    %pushi/vec4 1313167444, 0, 32; draw_string_vec4
    %concat/vec4; draw_string_vec4
    %pushi/vec4 1598179668, 0, 32; draw_string_vec4
    %concat/vec4; draw_string_vec4
    %store/vec4 v0x63daa9a75ef0_0, 0, 320;
    %jmp T_11.10;
T_11.9 ;
    %pushi/vec4 0, 0, 32; draw_string_vec4
    %pushi/vec4 0, 0, 32; draw_string_vec4
    %concat/vec4; draw_string_vec4
    %pushi/vec4 0, 0, 32; draw_string_vec4
    %concat/vec4; draw_string_vec4
    %pushi/vec4 0, 0, 32; draw_string_vec4
    %concat/vec4; draw_string_vec4
    %pushi/vec4 0, 0, 32; draw_string_vec4
    %concat/vec4; draw_string_vec4
    %pushi/vec4 0, 0, 32; draw_string_vec4
    %concat/vec4; draw_string_vec4
    %pushi/vec4 0, 0, 32; draw_string_vec4
    %concat/vec4; draw_string_vec4
    %pushi/vec4 20037, 0, 32; draw_string_vec4
    %concat/vec4; draw_string_vec4
    %pushi/vec4 1481924420, 0, 32; draw_string_vec4
    %concat/vec4; draw_string_vec4
    %pushi/vec4 1162625369, 0, 32; draw_string_vec4
    %concat/vec4; draw_string_vec4
    %store/vec4 v0x63daa9a75ef0_0, 0, 320;
    %jmp T_11.10;
T_11.10 ;
    %pop/vec4 1;
    %jmp T_11;
    .thread T_11, $push;
    .scope S_0x63daa9a028c0;
T_12 ;
    %wait E_0x63daa9a2e8d0;
    %load/vec4 v0x63daa9a78330_0;
    %flag_set/vec4 8;
    %jmp/0xz  T_12.0, 8;
    %pushi/vec4 0, 0, 5;
    %assign/vec4 v0x63daa9a77da0_0, 0;
    %pushi/vec4 0, 0, 1;
    %assign/vec4 v0x63daa9a77d00_0, 0;
    %jmp T_12.1;
T_12.0 ;
    %load/vec4 v0x63daa9a77da0_0;
    %pad/u 32;
    %cmpi/e 8, 0, 32;
    %jmp/0xz  T_12.2, 4;
    %load/vec4 v0x63daa9a77d00_0;
    %inv;
    %assign/vec4 v0x63daa9a77d00_0, 0;
    %pushi/vec4 0, 0, 5;
    %assign/vec4 v0x63daa9a77da0_0, 0;
    %jmp T_12.3;
T_12.2 ;
    %load/vec4 v0x63daa9a77da0_0;
    %addi 1, 0, 5;
    %assign/vec4 v0x63daa9a77da0_0, 0;
T_12.3 ;
T_12.1 ;
    %jmp T_12;
    .thread T_12;
    .scope S_0x63daa9a00570;
T_13 ;
    %pushi/vec4 0, 0, 1;
    %store/vec4 v0x63daa9a79690_0, 0, 1;
    %pushi/vec4 0, 0, 1;
    %store/vec4 v0x63daa9a79870_0, 0, 1;
    %pushi/vec4 0, 0, 1;
    %store/vec4 v0x63daa9a797d0_0, 0, 1;
    %end;
    .thread T_13;
    .scope S_0x63daa9a00570;
T_14 ;
    %pushi/vec4 0, 0, 1;
    %assign/vec4 v0x63daa9a79690_0, 0;
    %end;
    .thread T_14;
    .scope S_0x63daa9a00570;
T_15 ;
    %delay 10000, 0;
    %load/vec4 v0x63daa9a79690_0;
    %inv;
    %assign/vec4 v0x63daa9a79690_0, 0;
    %jmp T_15;
    .thread T_15;
    .scope S_0x63daa9a00570;
T_16 ;
    %wait E_0x63daa9a2e8d0;
    %pushi/vec4 1, 0, 1;
    %store/vec4 v0x63daa9a79870_0, 0, 1;
    %wait E_0x63daa9a2e8d0;
    %pushi/vec4 0, 0, 1;
    %store/vec4 v0x63daa9a79870_0, 0, 1;
    %delay 80000, 0;
    %pushi/vec4 1, 0, 1;
    %store/vec4 v0x63daa9a797d0_0, 0, 1;
    %end;
    .thread T_16;
    .scope S_0x63daa9a00570;
T_17 ;
    %fork t_1, S_0x63daa9a00750;
    %jmp t_0;
    .scope S_0x63daa9a00750;
t_1 ;
    %vpi_call 2 49 "$dumpfile", "led_panel_4k_TB.vcd" {0 0 0};
    %vpi_call 2 50 "$dumpvars", 32'sb11111111111111111111111111111111, S_0x63daa9a00570 {0 0 0};
    %pushi/vec4 0, 0, 32;
    %store/vec4 v0x63daa9a79730_0, 0, 32;
T_17.0 ;
    %load/vec4 v0x63daa9a79730_0;
    %cmpi/s 100, 0, 32;
    %jmp/0xz T_17.1, 5;
    %vpi_call 2 51 "$dumpvars", 32'sb00000000000000000000000000000000, &A<v0x63daa9a76a60, v0x63daa9a79730_0 > {0 0 0};
    %load/vec4 v0x63daa9a79730_0;
    %addi 1, 0, 32;
    %store/vec4 v0x63daa9a79730_0, 0, 32;
    %jmp T_17.0;
T_17.1 ;
    %delay 2000000000, 0;
    %vpi_call 2 52 "$finish" {0 0 0};
    %end;
    .scope S_0x63daa9a00570;
t_0 %join;
    %end;
    .thread T_17;
# The file index is used to find the file name in the following table.
:file_names 10;
    "N/A";
    "<interactive>";
    "led_panel_4k_TB.v";
    "led_panel_4k.v";
    "count.v";
    "comp.v";
    "ctrl_lp4k.v";
    "lsr_led.v";
    "memory.v";
    "mux_led.v";
